<?xml version="1.0" encoding="UTF-8"?>
<testsuite xmlns:xsi="http://www.w3.org/2001/XMLSchema-instance" xsi:noNamespaceSchemaLocation="https://maven.apache.org/surefire/maven-surefire-plugin/xsd/surefire-test-report.xsd" name="ru.netology.service.RadioTest" time="0.501" tests="14" errors="0" skipped="0" failures="0">
  <properties>
[...]
</properties>
  <testcase name="decreaseVolumeBase" classname="ru.netology.service.RadioTest" time="0.257"/>
  <testcase name="decreaseVolumeLess" classname="ru.netology.service.RadioTest" time="0.026"/>
  <testcase name="setCurrentStationBase" classname="ru.netology.service.RadioTest" time="0.03"/>
  <testcase name="setCurrentStationLess" classname="ru.netology.service.RadioTest" time="0.006"/>
  <testcase name="setCurrentStationMore" classname="ru.netology.service.RadioTest" time="0.008"/>
  <testcase name="setCurrentVolumeBase" classname="ru.netology.service.RadioTest" time="0.005"/>
  <testcase name="setCurrentVolumeLess" classname="ru.netology.service.RadioTest" time="0.003"/>
  <testcase name="setCurrentVolumeMore" classname="ru.netology.service.RadioTest" time="0.002"/>
  <testcase name="nextCurrentStationBase" classname="ru.netology.service.RadioTest" time="0.005"/>
  <testcase name="prevCurrentStationAfter0" classname="ru.netology.service.RadioTest" time="0.005"/>
  <testcase name="prevCurrentStationBase" classname="ru.netology.service.RadioTest" time="0.016"/>
  <testcase name="nextCurrentStationAfter9" classname="ru.netology.service.RadioTest" time="0.003"/>
  <testcase name="increaseVolumeBase" classname="ru.netology.service.RadioTest" time="0.003"/>
  <testcase name="increaseVolumeMore" classname="ru.netology.service.RadioTest" time="0.002"/>
</testsuite>